Debugger attached.
Seervidor OK en puerto: 3000
CONEXION EXITOSA
Debugger attached.
Seervidor OK en puerto: 3000
CONEXION EXITOSA
Debugger attached.
Seervidor OK en puerto: 3000
CONEXION EXITOSA
Debugger attached.
Seervidor OK en puerto: 3000
CONEXION EXITOSA
Error: Connection lost: The server closed the connection.
    at Protocol.end (C:\Services\API_Node_Mobile\node_modules\mysql\lib\protocol\Protocol.js:112:13)
    at Socket.<anonymous> (C:\Services\API_Node_Mobile\node_modules\mysql\lib\Connection.js:94:28)
    at Socket.<anonymous> (C:\Services\API_Node_Mobile\node_modules\mysql\lib\Connection.js:526:10)
    at Socket.emit (events.js:327:22)
    at endReadableNT (_stream_readable.js:1220:12)
    at processTicksAndRejections (internal/process/task_queues.js:84:21) {
  fatal: true,
  code: 'PROTOCOL_CONNECTION_LOST'
}
Seervidor OK en puerto: 3000
CONEXION EXITOSA
Error: Connection lost: The server closed the connection.
    at Protocol.end (C:\Services\API_Node_Mobile\node_modules\mysql\lib\protocol\Protocol.js:112:13)
    at Socket.<anonymous> (C:\Services\API_Node_Mobile\node_modules\mysql\lib\Connection.js:94:28)
    at Socket.<anonymous> (C:\Services\API_Node_Mobile\node_modules\mysql\lib\Connection.js:526:10)
    at Socket.emit (events.js:327:22)
    at endReadableNT (_stream_readable.js:1220:12)
    at processTicksAndRejections (internal/process/task_queues.js:84:21) {
  fatal: true,
  code: 'PROTOCOL_CONNECTION_LOST'
}
Seervidor OK en puerto: 3000
CONEXION EXITOSA
Escuchando en el puerto 433...
CONEXION EXITOSA
Escuchando en el puerto 433...
CONEXION EXITOSA
Escuchando en el puerto 433...
CONEXION EXITOSA
Escuchando en el puerto 433...
CONEXION EXITOSA
Error: Connection lost: The server closed the connection.
    at Protocol.end (C:\Services\API_Node_Mobile\node_modules\mysql\lib\protocol\Protocol.js:112:13)
    at Socket.<anonymous> (C:\Services\API_Node_Mobile\node_modules\mysql\lib\Connection.js:94:28)
    at Socket.<anonymous> (C:\Services\API_Node_Mobile\node_modules\mysql\lib\Connection.js:526:10)
    at Socket.emit (events.js:327:22)
    at endReadableNT (_stream_readable.js:1220:12)
    at processTicksAndRejections (internal/process/task_queues.js:84:21) {
  fatal: true,
  code: 'PROTOCOL_CONNECTION_LOST'
}
Escuchando en el puerto 433...
CONEXION EXITOSA
Error: Connection lost: The server closed the connection.
    at Protocol.end (C:\Services\API_Node_Mobile\node_modules\mysql\lib\protocol\Protocol.js:112:13)
    at Socket.<anonymous> (C:\Services\API_Node_Mobile\node_modules\mysql\lib\Connection.js:94:28)
    at Socket.<anonymous> (C:\Services\API_Node_Mobile\node_modules\mysql\lib\Connection.js:526:10)
    at Socket.emit (events.js:327:22)
    at endReadableNT (_stream_readable.js:1220:12)
    at processTicksAndRejections (internal/process/task_queues.js:84:21) {
  fatal: true,
  code: 'PROTOCOL_CONNECTION_LOST'
}
Escuchando en el puerto 433...
CONEXION EXITOSA
Error: Connection lost: The server closed the connection.
    at Protocol.end (C:\Services\API_Node_Mobile\node_modules\mysql\lib\protocol\Protocol.js:112:13)
    at Socket.<anonymous> (C:\Services\API_Node_Mobile\node_modules\mysql\lib\Connection.js:94:28)
    at Socket.<anonymous> (C:\Services\API_Node_Mobile\node_modules\mysql\lib\Connection.js:526:10)
    at Socket.emit (events.js:327:22)
    at endReadableNT (_stream_readable.js:1220:12)
    at processTicksAndRejections (internal/process/task_queues.js:84:21) {
  fatal: true,
  code: 'PROTOCOL_CONNECTION_LOST'
}
Escuchando en el puerto 433...
CONEXION EXITOSA
Error: Connection lost: The server closed the connection.
    at Protocol.end (C:\Services\API_Node_Mobile\node_modules\mysql\lib\protocol\Protocol.js:112:13)
    at Socket.<anonymous> (C:\Services\API_Node_Mobile\node_modules\mysql\lib\Connection.js:94:28)
    at Socket.<anonymous> (C:\Services\API_Node_Mobile\node_modules\mysql\lib\Connection.js:526:10)
    at Socket.emit (events.js:327:22)
    at endReadableNT (_stream_readable.js:1220:12)
    at processTicksAndRejections (internal/process/task_queues.js:84:21) {
  fatal: true,
  code: 'PROTOCOL_CONNECTION_LOST'
}
Escuchando en el puerto 433...
CONEXION EXITOSA
Error: Connection lost: The server closed the connection.
    at Protocol.end (C:\Services\API_Node_Mobile\node_modules\mysql\lib\protocol\Protocol.js:112:13)
    at Socket.<anonymous> (C:\Services\API_Node_Mobile\node_modules\mysql\lib\Connection.js:94:28)
    at Socket.<anonymous> (C:\Services\API_Node_Mobile\node_modules\mysql\lib\Connection.js:526:10)
    at Socket.emit (events.js:327:22)
    at endReadableNT (_stream_readable.js:1220:12)
    at processTicksAndRejections (internal/process/task_queues.js:84:21) {
  fatal: true,
  code: 'PROTOCOL_CONNECTION_LOST'
}
Escuchando en el puerto 433...
CONEXION EXITOSA
Error: Connection lost: The server closed the connection.
    at Protocol.end (C:\Services\API_Node_Mobile\node_modules\mysql\lib\protocol\Protocol.js:112:13)
    at Socket.<anonymous> (C:\Services\API_Node_Mobile\node_modules\mysql\lib\Connection.js:94:28)
    at Socket.<anonymous> (C:\Services\API_Node_Mobile\node_modules\mysql\lib\Connection.js:526:10)
    at Socket.emit (events.js:327:22)
    at endReadableNT (_stream_readable.js:1220:12)
    at processTicksAndRejections (internal/process/task_queues.js:84:21) {
  fatal: true,
  code: 'PROTOCOL_CONNECTION_LOST'
}
Escuchando en el puerto 433...
CONEXION EXITOSA
Error: Connection lost: The server closed the connection.
    at Protocol.end (C:\Services\API_Node_Mobile\node_modules\mysql\lib\protocol\Protocol.js:112:13)
    at Socket.<anonymous> (C:\Services\API_Node_Mobile\node_modules\mysql\lib\Connection.js:94:28)
    at Socket.<anonymous> (C:\Services\API_Node_Mobile\node_modules\mysql\lib\Connection.js:526:10)
    at Socket.emit (events.js:327:22)
    at endReadableNT (_stream_readable.js:1220:12)
    at processTicksAndRejections (internal/process/task_queues.js:84:21) {
  fatal: true,
  code: 'PROTOCOL_CONNECTION_LOST'
}
Escuchando en el puerto 433...
CONEXION EXITOSA
Error: Connection lost: The server closed the connection.
    at Protocol.end (C:\Services\API_Node_Mobile\node_modules\mysql\lib\protocol\Protocol.js:112:13)
    at Socket.<anonymous> (C:\Services\API_Node_Mobile\node_modules\mysql\lib\Connection.js:94:28)
    at Socket.<anonymous> (C:\Services\API_Node_Mobile\node_modules\mysql\lib\Connection.js:526:10)
    at Socket.emit (events.js:327:22)
    at endReadableNT (_stream_readable.js:1220:12)
    at processTicksAndRejections (internal/process/task_queues.js:84:21) {
  fatal: true,
  code: 'PROTOCOL_CONNECTION_LOST'
}
Escuchando en el puerto 433...
CONEXION EXITOSA
Error: Connection lost: The server closed the connection.
    at Protocol.end (C:\Services\API_Node_Mobile\node_modules\mysql\lib\protocol\Protocol.js:112:13)
    at Socket.<anonymous> (C:\Services\API_Node_Mobile\node_modules\mysql\lib\Connection.js:94:28)
    at Socket.<anonymous> (C:\Services\API_Node_Mobile\node_modules\mysql\lib\Connection.js:526:10)
    at Socket.emit (events.js:327:22)
    at endReadableNT (_stream_readable.js:1220:12)
    at processTicksAndRejections (internal/process/task_queues.js:84:21) {
  fatal: true,
  code: 'PROTOCOL_CONNECTION_LOST'
}
Escuchando en el puerto 433...
CONEXION EXITOSA
Error: Connection lost: The server closed the connection.
    at Protocol.end (C:\Services\API_Node_Mobile\node_modules\mysql\lib\protocol\Protocol.js:112:13)
    at Socket.<anonymous> (C:\Services\API_Node_Mobile\node_modules\mysql\lib\Connection.js:94:28)
    at Socket.<anonymous> (C:\Services\API_Node_Mobile\node_modules\mysql\lib\Connection.js:526:10)
    at Socket.emit (events.js:327:22)
    at endReadableNT (_stream_readable.js:1220:12)
    at processTicksAndRejections (internal/process/task_queues.js:84:21) {
  fatal: true,
  code: 'PROTOCOL_CONNECTION_LOST'
}
Escuchando en el puerto 433...
CONEXION EXITOSA
Escuchando en el puerto 433...
CONEXION EXITOSA
